<?xml version="1.0" encoding="utf-8"?><testsuites><testsuite errors="0" failures="0" hostname="PC70601" name="pytest" skipped="0" tests="2" time="0.050" timestamp="2019-10-09T03:32:53.242437"><testcase classname="tests.test_platform" file="tests\test_platform.py" line="5" name="test_64bit" time="0.001"></testcase><testcase classname="tests.test_platform" file="tests\test_platform.py" line="10" name="test_python_version" time="0.001"></testcase></testsuite></testsuites>