<?xml version="1.0" encoding="utf-8"?><testsuites><testsuite errors="2" failures="0" hostname="PC70601" name="pytest" skipped="0" tests="2" time="2.547" timestamp="2019-10-16T11:38:20.689173"><testcase classname="" file="package/tests/shared/test_components.py" name="package.tests.shared.test_components" time="0.000"><error message="collection failure">.venv\lib\site-packages\py\_path\local.py:701: in pyimport
    __import__(modname)
&lt;frozen importlib._bootstrap&gt;:983: in _find_and_load
    ???
&lt;frozen importlib._bootstrap&gt;:967: in _find_and_load_unlocked
    ???
&lt;frozen importlib._bootstrap&gt;:677: in _load_unlocked
    ???
.venv\lib\site-packages\_pytest\assertion\rewrite.py:133: in exec_module
    source_stat, co = _rewrite_test(fn, self.config)
.venv\lib\site-packages\_pytest\assertion\rewrite.py:282: in _rewrite_test
    tree = ast.parse(source, filename=fn)
C:\Users\masma\AppData\Local\Programs\Python\Python37\lib\ast.py:35: in parse
    return compile(source, filename, mode, PyCF_ONLY_AST)
E     File &quot;C:\repos\private\awesomestreamlit\package\tests\shared\test_components.py&quot;, line 12
E       ast.shared.components._reload_module(test_page):
E                                                      ^
E   SyntaxError: invalid syntax</error><error message="collection failure">.venv\lib\site-packages\_pytest\python.py:501: in _importtestmodule
    mod = self.fspath.pyimport(ensuresyspath=importmode)
.venv\lib\site-packages\py\_path\local.py:701: in pyimport
    __import__(modname)
&lt;frozen importlib._bootstrap&gt;:983: in _find_and_load
    ???
&lt;frozen importlib._bootstrap&gt;:967: in _find_and_load_unlocked
    ???
&lt;frozen importlib._bootstrap&gt;:677: in _load_unlocked
    ???
.venv\lib\site-packages\_pytest\assertion\rewrite.py:133: in exec_module
    source_stat, co = _rewrite_test(fn, self.config)
.venv\lib\site-packages\_pytest\assertion\rewrite.py:282: in _rewrite_test
    tree = ast.parse(source, filename=fn)
C:\Users\masma\AppData\Local\Programs\Python\Python37\lib\ast.py:35: in parse
    return compile(source, filename, mode, PyCF_ONLY_AST)
E     File &quot;C:\repos\private\awesomestreamlit\package\tests\shared\test_components.py&quot;, line 12
E       ast.shared.components._reload_module(test_page):
E                                                      ^
E   SyntaxError: invalid syntax</error></testcase></testsuite></testsuites>