<?xml version="1.0" encoding="utf-8"?><testsuites><testsuite errors="0" failures="0" hostname="PC70601" name="pytest" skipped="0" tests="15" time="2.123" timestamp="2019-10-16T05:31:44.987775"><testcase classname="tests.test_platform" file="tests\test_platform.py" line="5" name="test_64bit" time="0.002"></testcase><testcase classname="tests.test_platform" file="tests\test_platform.py" line="10" name="test_python_version" time="0.001"></testcase><testcase classname="tests.package.experiments.test_hello_world" file="tests\package\experiments\test_hello_world.py" line="4" name="test_awesome_streamlit_experiments_write_hello_world" time="0.002"></testcase><testcase classname="package.tests.test_hello_world" file="package\tests\test_hello_world.py" line="3" name="test_hello_world" time="0.002"></testcase><testcase classname="package.tests.test_package_imports" file="package\tests\test_package_imports.py" line="22" name="test_write_hello_world" time="0.002"></testcase><testcase classname="package.tests.database.test_database" file="package\tests\database\test_database.py" line="4" name="test_tags" time="0.001"></testcase><testcase classname="package.tests.database.test_database" file="package\tests\database\test_database.py" line="10" name="test_authors" time="0.001"></testcase><testcase classname="package.tests.database.test_database" file="package\tests\database\test_database.py" line="16" name="test_resources" time="0.000"></testcase><testcase classname="package.tests.shared.test_models" file="package\tests\shared\test_models.py" line="30" name="test_tag__init__" time="0.003"></testcase><testcase classname="package.tests.shared.test_models" file="package\tests\shared\test_models.py" line="35" name="test_tag__str__" time="0.001"></testcase><testcase classname="package.tests.shared.test_models" file="package\tests\shared\test_models.py" line="40" name="test_author__init__" time="0.001"></testcase><testcase classname="package.tests.shared.test_models" file="package\tests\shared\test_models.py" line="46" name="test_author__str__" time="0.001"></testcase><testcase classname="package.tests.shared.test_models" file="package\tests\shared\test_models.py" line="51" name="test_resource__init__" time="0.002"></testcase><testcase classname="package.tests.shared.test_models" file="package\tests\shared\test_models.py" line="60" name="test_resource__str__" time="0.002"></testcase><testcase classname="package.tests.shared.test_models" file="package\tests\shared\test_models.py" line="64" name="test_resource_to_markdown_bullet" time="0.000"></testcase></testsuite></testsuites>