<?xml version="1.0" encoding="utf-8"?><testsuites><testsuite errors="0" failures="0" hostname="PC70601" name="pytest" skipped="0" tests="5" time="2.159" timestamp="2019-10-16T04:25:28.573630"><testcase classname="tests.test_platform" file="tests\test_platform.py" line="5" name="test_64bit" time="0.003"></testcase><testcase classname="tests.test_platform" file="tests\test_platform.py" line="10" name="test_python_version" time="0.002"></testcase><testcase classname="tests.package.experiments.test_hello_world" file="tests\package\experiments\test_hello_world.py" line="4" name="test_awesome_streamlit_experiments_write_hello_world" time="0.003"></testcase><testcase classname="package.tests.test_hello_world" file="package\tests\test_hello_world.py" line="3" name="test_hello_world" time="0.002"></testcase><testcase classname="package.tests.test_package_imports" file="package\tests\test_package_imports.py" line="22" name="test_write_hello_world" time="0.002"></testcase></testsuite></testsuites>