<?xml version="1.0" encoding="utf-8"?><testsuites><testsuite errors="0" failures="0" hostname="PC70601" name="pytest" skipped="1" tests="29" time="2.352" timestamp="2019-10-16T16:44:11.746213"><testcase classname="tests.test_platform" file="tests\test_platform.py" line="5" name="test_64bit" time="0.000"></testcase><testcase classname="tests.test_platform" file="tests\test_platform.py" line="10" name="test_python_version" time="0.001"></testcase><testcase classname="tests.package.experiments.test_hello_world" file="tests\package\experiments\test_hello_world.py" line="4" name="test_awesome_streamlit_experiments_write_hello_world" time="0.002"></testcase><testcase classname="package.tests.test_package_imports" file="package\tests\test_package_imports.py" line="22" name="test_write_hello_world" time="0.002"></testcase><testcase classname="package.tests.core.test_services" file="package\tests\core\test_services.py" line="4" name="test_get_file_content_as_string" time="0.212"></testcase><testcase classname="package.tests.database.test_database" file="package\tests\database\test_database.py" line="4" name="test_tags" time="0.001"></testcase><testcase classname="package.tests.database.test_database" file="package\tests\database\test_database.py" line="10" name="test_authors" time="0.001"></testcase><testcase classname="package.tests.database.test_database" file="package\tests\database\test_database.py" line="16" name="test_resources" time="0.000"></testcase><testcase classname="package.tests.shared.test_components" file="package\tests\shared\test_components.py" line="7" name="test__reload_module" time="0.004"></testcase><testcase classname="package.tests.shared.test_components" file="package\tests\shared\test_components.py" line="12" name="test_st_write_page" time="0.001"></testcase><testcase classname="package.tests.shared.test_components" file="package\tests\shared\test_components.py" line="20" name="test_st_video_youtube" time="0.001"></testcase><testcase classname="package.tests.shared.test_components" file="package\tests\shared\test_components.py" line="28" name="test_st_multiselect" time="0.001"></testcase><testcase classname="package.tests.shared.test_components" file="package\tests\shared\test_components.py" line="50" name="test_st_title_awesome" time="0.001"></testcase><testcase classname="package.tests.shared.test_models" file="package\tests\shared\test_models.py" line="30" name="test_tag__init__" time="0.001"></testcase><testcase classname="package.tests.shared.test_models" file="package\tests\shared\test_models.py" line="35" name="test_tag__str__" time="0.000"></testcase><testcase classname="package.tests.shared.test_models" file="package\tests\shared\test_models.py" line="40" name="test_author__init__" time="0.003"></testcase><testcase classname="package.tests.shared.test_models" file="package\tests\shared\test_models.py" line="46" name="test_author__str__" time="0.001"></testcase><testcase classname="package.tests.shared.test_models" file="package\tests\shared\test_models.py" line="51" name="test_resource__init__" time="0.003"></testcase><testcase classname="package.tests.shared.test_models" file="package\tests\shared\test_models.py" line="60" name="test_resource__str__" time="0.003"></testcase><testcase classname="package.tests.shared.test_models" file="package\tests\shared\test_models.py" line="64" name="test_resource_to_markdown_bullet" time="0.001"></testcase><testcase classname="package.tests.testing.test_models" file="package\tests\testing\test_models.py" line="14" name="test__init__" time="0.003"></testcase><testcase classname="package.tests.testing.test_utils" file="package\tests\testing\test_utils.py" line="11" name="test_collect_test_modules_without_submodules" time="0.001"></testcase><testcase classname="package.tests.testing.test_utils" file="package\tests\testing\test_utils.py" line="19" name="test_collect_test_modules_with_submodules" time="0.001"></testcase><testcase classname="package.tests.testing.test_utils" file="package\tests\testing\test_utils.py" line="27" name="test_collect_test_functions_in_module_without_submodules" time="0.001"></testcase><testcase classname="package.tests.testing.test_utils" file="package\tests\testing\test_utils.py" line="38" name="test_collect_test_functions_in_module_with_submodules" time="0.001"></testcase><testcase classname="package.tests.testing.test_utils" file="package\tests\testing\test_utils.py" line="48" name="test_load_module_from_path" time="0.002"><skipped message="Not ImplementedError" type="pytest.xfail"></skipped></testcase><testcase classname="package.tests.testing.test_module_example_folder.test_module_example_file" file="package\tests\testing\test_module_example_folder\test_module_example_file.py" line="3" name="test_st_function_1" time="0.004"></testcase><testcase classname="package.tests.testing.test_module_example_folder.test_module_example_file" file="package\tests\testing\test_module_example_folder\test_module_example_file.py" line="7" name="test_st_function_2" time="0.001"></testcase><testcase classname="package.tests.testing.test_module_example_folder.test_module_example_file" file="package\tests\testing\test_module_example_folder\test_module_example_file.py" line="11" name="test_functions" time="0.002"></testcase></testsuite></testsuites>