<?xml version="1.0" encoding="utf-8"?><testsuites><testsuite errors="0" failures="0" hostname="PC70601" name="pytest" skipped="0" tests="1" time="0.045" timestamp="2019-10-16T03:42:58.452157"><testcase classname="tests.test_hello_world" file="tests\test_hello_world.py" line="3" name="test_hello_world" time="0.003"></testcase></testsuite></testsuites>